2022-05-01 10:31:57.188 INFO  com.smart.Application Line:55  - Starting Application on xinxin with PID 10672 (E:\管理系统\104_智能停车场管理平台\smart-parking-master\target\classes started by DONG in E:\管理系统\104_智能停车场管理平台)
2022-05-01 10:31:57.250 INFO  com.smart.Application Line:655 - The following profiles are active: dev
2022-05-01 10:32:19.873 INFO  org.apache.catalina.core.StandardService Line:173 - Starting service [Tomcat]
2022-05-01 10:32:19.905 INFO  org.apache.catalina.core.StandardEngine Line:173 - Starting Servlet engine: [Apache Tomcat/9.0.33]
2022-05-01 10:32:20.170 INFO  org.apache.catalina.core.ContainerBase.[Tomcat].[localhost].[/] Line:173 - Initializing Spring embedded WebApplicationContext
2022-05-01 10:32:39.498 INFO  com.smart.Application Line:61  - Started Application in 46.951 seconds (JVM running for 57.844)
2022-05-01 10:32:39.498 INFO  com.smart.Application Line:29  - 智能停车场管理平台
2022-05-01 10:33:10.870 INFO  org.apache.catalina.core.ContainerBase.[Tomcat].[localhost].[/] Line:173 - Initializing Spring DispatcherServlet 'dispatcherServlet'
2022-05-01 10:33:11.169 INFO  org.apache.shiro.session.mgt.AbstractValidatingSessionManager Line:233 - Enabling session validation scheduler...
2022-05-01 10:36:55.342 INFO  com.smart.Application Line:55  - Starting Application on xinxin with PID 5952 (E:\管理系统\104_智能停车场管理平台\smart-parking-master\target\classes started by DONG in E:\管理系统\104_智能停车场管理平台)
2022-05-01 10:36:55.348 INFO  com.smart.Application Line:655 - The following profiles are active: dev
2022-05-01 10:36:59.489 INFO  org.apache.catalina.core.StandardService Line:173 - Starting service [Tomcat]
2022-05-01 10:36:59.490 INFO  org.apache.catalina.core.StandardEngine Line:173 - Starting Servlet engine: [Apache Tomcat/9.0.33]
2022-05-01 10:36:59.621 INFO  org.apache.catalina.core.ContainerBase.[Tomcat].[localhost].[/] Line:173 - Initializing Spring embedded WebApplicationContext
2022-05-01 10:37:05.296 INFO  com.smart.Application Line:61  - Started Application in 11.385 seconds (JVM running for 14.464)
2022-05-01 10:37:05.299 INFO  com.smart.Application Line:29  - 小稼停车场管理系统
2022-05-01 10:37:06.226 INFO  org.apache.catalina.core.ContainerBase.[Tomcat].[localhost].[/] Line:173 - Initializing Spring DispatcherServlet 'dispatcherServlet'
2022-05-01 10:37:06.322 INFO  org.apache.shiro.session.mgt.AbstractValidatingSessionManager Line:233 - Enabling session validation scheduler...
2022-05-01 10:38:59.667 INFO  com.smart.Application Line:55  - Starting Application on xinxin with PID 10448 (E:\管理系统\104_智能停车场管理平台\smart-parking-master\target\classes started by DONG in E:\管理系统\104_智能停车场管理平台)
2022-05-01 10:38:59.673 INFO  com.smart.Application Line:655 - The following profiles are active: dev
2022-05-01 10:39:03.921 INFO  org.apache.catalina.core.StandardService Line:173 - Starting service [Tomcat]
2022-05-01 10:39:03.923 INFO  org.apache.catalina.core.StandardEngine Line:173 - Starting Servlet engine: [Apache Tomcat/9.0.33]
2022-05-01 10:39:04.055 INFO  org.apache.catalina.core.ContainerBase.[Tomcat].[localhost].[/] Line:173 - Initializing Spring embedded WebApplicationContext
2022-05-01 10:39:10.564 INFO  com.smart.Application Line:61  - Started Application in 12.471 seconds (JVM running for 16.347)
2022-05-01 10:39:10.571 INFO  com.smart.Application Line:29  - 小稼停车场管理系统
2022-05-01 10:39:10.669 INFO  org.apache.catalina.core.ContainerBase.[Tomcat].[localhost].[/] Line:173 - Initializing Spring DispatcherServlet 'dispatcherServlet'
2022-05-01 10:39:10.713 INFO  org.apache.shiro.session.mgt.AbstractValidatingSessionManager Line:233 - Enabling session validation scheduler...
2022-05-01 10:39:39.761 INFO  com.smart.Application Line:55  - Starting Application on xinxin with PID 5244 (E:\管理系统\104_智能停车场管理平台\smart-parking-master\target\classes started by DONG in E:\管理系统\104_智能停车场管理平台)
2022-05-01 10:39:39.765 INFO  com.smart.Application Line:655 - The following profiles are active: dev
2022-05-01 10:39:43.581 INFO  org.apache.catalina.core.StandardService Line:173 - Starting service [Tomcat]
2022-05-01 10:39:43.582 INFO  org.apache.catalina.core.StandardEngine Line:173 - Starting Servlet engine: [Apache Tomcat/9.0.33]
2022-05-01 10:39:43.723 INFO  org.apache.catalina.core.ContainerBase.[Tomcat].[localhost].[/] Line:173 - Initializing Spring embedded WebApplicationContext
2022-05-01 10:39:50.033 INFO  com.smart.Application Line:61  - Started Application in 11.474 seconds (JVM running for 14.475)
2022-05-01 10:39:50.037 INFO  com.smart.Application Line:29  - 小稼停车场管理系统
2022-05-01 10:39:50.215 INFO  org.apache.catalina.core.ContainerBase.[Tomcat].[localhost].[/] Line:173 - Initializing Spring DispatcherServlet 'dispatcherServlet'
2022-05-01 10:39:50.270 INFO  org.apache.shiro.session.mgt.AbstractValidatingSessionManager Line:233 - Enabling session validation scheduler...
2022-05-01 10:45:00.064 INFO  com.smart.Application Line:55  - Starting Application on xinxin with PID 16724 (E:\管理系统\104_智能停车场管理平台\smart-parking-master\target\classes started by DONG in E:\管理系统\104_智能停车场管理平台)
2022-05-01 10:45:00.072 INFO  com.smart.Application Line:655 - The following profiles are active: dev
2022-05-01 10:45:03.911 INFO  org.apache.catalina.core.StandardService Line:173 - Starting service [Tomcat]
2022-05-01 10:45:03.913 INFO  org.apache.catalina.core.StandardEngine Line:173 - Starting Servlet engine: [Apache Tomcat/9.0.33]
2022-05-01 10:45:04.049 INFO  org.apache.catalina.core.ContainerBase.[Tomcat].[localhost].[/] Line:173 - Initializing Spring embedded WebApplicationContext
2022-05-01 10:45:09.285 INFO  com.smart.Application Line:61  - Started Application in 10.458 seconds (JVM running for 13.344)
2022-05-01 10:45:09.288 INFO  com.smart.Application Line:29  - 小稼停车场管理系统
2022-05-01 10:45:14.141 INFO  org.apache.catalina.core.ContainerBase.[Tomcat].[localhost].[/] Line:173 - Initializing Spring DispatcherServlet 'dispatcherServlet'
2022-05-01 10:45:14.181 INFO  org.apache.shiro.session.mgt.AbstractValidatingSessionManager Line:233 - Enabling session validation scheduler...
2022-05-01 10:48:04.096 INFO  com.smart.Application Line:55  - Starting Application on xinxin with PID 15984 (E:\管理系统\104_智能停车场管理平台\smart-parking-master\target\classes started by DONG in E:\管理系统\104_智能停车场管理平台)
2022-05-01 10:48:04.104 INFO  com.smart.Application Line:655 - The following profiles are active: dev
2022-05-01 10:48:08.905 INFO  org.apache.catalina.core.StandardService Line:173 - Starting service [Tomcat]
2022-05-01 10:48:08.907 INFO  org.apache.catalina.core.StandardEngine Line:173 - Starting Servlet engine: [Apache Tomcat/9.0.33]
2022-05-01 10:48:09.061 INFO  org.apache.catalina.core.ContainerBase.[Tomcat].[localhost].[/] Line:173 - Initializing Spring embedded WebApplicationContext
2022-05-01 10:48:15.084 INFO  com.smart.Application Line:61  - Started Application in 12.761 seconds (JVM running for 16.492)
2022-05-01 10:48:15.089 INFO  com.smart.Application Line:29  - 小稼停车场管理系统
2022-05-01 10:48:16.692 INFO  org.apache.catalina.core.ContainerBase.[Tomcat].[localhost].[/] Line:173 - Initializing Spring DispatcherServlet 'dispatcherServlet'
2022-05-01 10:48:16.734 INFO  org.apache.shiro.session.mgt.AbstractValidatingSessionManager Line:233 - Enabling session validation scheduler...
2022-05-01 10:48:51.559 INFO  com.baidu.aip.client.BaseClient Line:199 - get access_token success. current state: STATE_AIP_AUTH_OK
